  Program.c
D:\src\25FA-BL2-COM18-WD21308-PH66689\ASM\Program.c(52,33): warning C4244: 'function': conversion from '__int64' to 'double', possible loss of data
D:\src\25FA-BL2-COM18-WD21308-PH66689\ASM\Program.c(52,22): warning C4244: 'initializing': conversion from 'double' to '__int64', possible loss of data
D:\src\25FA-BL2-COM18-WD21308-PH66689\ASM\Program.c(59,14): warning C4244: '/=': conversion from '__int64' to 'int', possible loss of data
D:\src\25FA-BL2-COM18-WD21308-PH66689\ASM\Program.c(60,15): warning C4244: '/=': conversion from '__int64' to 'int', possible loss of data
D:\src\25FA-BL2-COM18-WD21308-PH66689\ASM\Program.c(138,16): warning C4566: character represented by universal-character-name '\u0111' cannot be represented in the current code page (1252)
D:\src\25FA-BL2-COM18-WD21308-PH66689\ASM\Program.c(147,12): warning C4566: character represented by universal-character-name '\u1EE7' cannot be represented in the current code page (1252)
D:\src\25FA-BL2-COM18-WD21308-PH66689\ASM\Program.c(155,12): warning C4566: character represented by universal-character-name '\u1EA8' cannot be represented in the current code page (1252)
D:\src\25FA-BL2-COM18-WD21308-PH66689\ASM\Program.c(187,16): warning C4566: character represented by universal-character-name '\u1EE5' cannot be represented in the current code page (1252)
D:\src\25FA-BL2-COM18-WD21308-PH66689\ASM\Program.c(187,16): warning C4566: character represented by universal-character-name '\u1EA3' cannot be represented in the current code page (1252)
D:\src\25FA-BL2-COM18-WD21308-PH66689\ASM\Program.c(187,16): warning C4566: character represented by universal-character-name '\u1EDD' cannot be represented in the current code page (1252)
D:\src\25FA-BL2-COM18-WD21308-PH66689\ASM\Program.c(190,12): warning C4566: character represented by universal-character-name '\u1EBF' cannot be represented in the current code page (1252)
D:\src\25FA-BL2-COM18-WD21308-PH66689\ASM\Program.c(191,12): warning C4566: character represented by universal-character-name '\u1EDD' cannot be represented in the current code page (1252)
D:\src\25FA-BL2-COM18-WD21308-PH66689\ASM\Program.c(191,12): warning C4566: character represented by universal-character-name '\u1EAF' cannot be represented in the current code page (1252)
D:\src\25FA-BL2-COM18-WD21308-PH66689\ASM\Program.c(191,12): warning C4566: character represented by universal-character-name '\u0111' cannot be represented in the current code page (1252)
D:\src\25FA-BL2-COM18-WD21308-PH66689\ASM\Program.c(191,12): warning C4566: character represented by universal-character-name '\u1EA7' cannot be represented in the current code page (1252)
D:\src\25FA-BL2-COM18-WD21308-PH66689\ASM\Program.c(191,12): warning C4566: character represented by universal-character-name '\u1EBF' cannot be represented in the current code page (1252)
D:\src\25FA-BL2-COM18-WD21308-PH66689\ASM\Program.c(192,12): warning C4566: character represented by universal-character-name '\u1ED5' cannot be represented in the current code page (1252)
D:\src\25FA-BL2-COM18-WD21308-PH66689\ASM\Program.c(192,12): warning C4566: character represented by universal-character-name '\u1ED1' cannot be represented in the current code page (1252)
D:\src\25FA-BL2-COM18-WD21308-PH66689\ASM\Program.c(192,12): warning C4566: character represented by universal-character-name '\u1EDD' cannot be represented in the current code page (1252)
D:\src\25FA-BL2-COM18-WD21308-PH66689\ASM\Program.c(193,12): warning C4566: character represented by universal-character-name '\u1ED5' cannot be represented in the current code page (1252)
D:\src\25FA-BL2-COM18-WD21308-PH66689\ASM\Program.c(193,12): warning C4566: character represented by universal-character-name '\u1EC1' cannot be represented in the current code page (1252)
D:\src\25FA-BL2-COM18-WD21308-PH66689\ASM\Program.c(193,12): warning C4566: character represented by universal-character-name '\u01B0' cannot be represented in the current code page (1252)
D:\src\25FA-BL2-COM18-WD21308-PH66689\ASM\Program.c(193,12): warning C4566: character represented by universal-character-name '\u1EA3' cannot be represented in the current code page (1252)
D:\src\25FA-BL2-COM18-WD21308-PH66689\ASM\Program.c(194,12): warning C4566: character represented by universal-character-name '\u1EC1' cannot be represented in the current code page (1252)
D:\src\25FA-BL2-COM18-WD21308-PH66689\ASM\Program.c(194,12): warning C4566: character represented by universal-character-name '\u1EA7' cannot be represented in the current code page (1252)
D:\src\25FA-BL2-COM18-WD21308-PH66689\ASM\Program.c(194,12): warning C4566: character represented by universal-character-name '\u1EE5' cannot be represented in the current code page (1252)
D:\src\25FA-BL2-COM18-WD21308-PH66689\ASM\Program.c(194,12): warning C4566: character represented by universal-character-name '\u1EA5' cannot be represented in the current code page (1252)
D:\src\25FA-BL2-COM18-WD21308-PH66689\ASM\Program.c(194,12): warning C4566: character represented by universal-character-name '\u1EA3' cannot be represented in the current code page (1252)
D:\src\25FA-BL2-COM18-WD21308-PH66689\ASM\Program.c(207,12): warning C4566: character represented by universal-character-name '\u1EE8' cannot be represented in the current code page (1252)
D:\src\25FA-BL2-COM18-WD21308-PH66689\ASM\Program.c(207,12): warning C4566: character represented by universal-character-name '\u0102' cannot be represented in the current code page (1252)
D:\src\25FA-BL2-COM18-WD21308-PH66689\ASM\Program.c(207,12): warning C4566: character represented by universal-character-name '\u1EC0' cannot be represented in the current code page (1252)
D:\src\25FA-BL2-COM18-WD21308-PH66689\ASM\Program.c(207,12): warning C4566: character represented by universal-character-name '\u0110' cannot be represented in the current code page (1252)
D:\src\25FA-BL2-COM18-WD21308-PH66689\ASM\Program.c(207,12): warning C4566: character represented by universal-character-name '\u1EC6' cannot be represented in the current code page (1252)
D:\src\25FA-BL2-COM18-WD21308-PH66689\ASM\Program.c(208,12): warning C4566: character represented by universal-character-name '\u1EAD' cannot be represented in the current code page (1252)
D:\src\25FA-BL2-COM18-WD21308-PH66689\ASM\Program.c(208,12): warning C4566: character represented by universal-character-name '\u1ED1' cannot be represented in the current code page (1252)
D:\src\25FA-BL2-COM18-WD21308-PH66689\ASM\Program.c(208,12): warning C4566: character represented by universal-character-name '\u0111' cannot be represented in the current code page (1252)
D:\src\25FA-BL2-COM18-WD21308-PH66689\ASM\Program.c(208,12): warning C4566: character represented by universal-character-name '\u1EC7' cannot be represented in the current code page (1252)
D:\src\25FA-BL2-COM18-WD21308-PH66689\ASM\Program.c(208,12): warning C4566: character represented by universal-character-name '\u1EED' cannot be represented in the current code page (1252)
D:\src\25FA-BL2-COM18-WD21308-PH66689\ASM\Program.c(208,12): warning C4566: character represented by universal-character-name '\u1EE5' cannot be represented in the current code page (1252)
D:\src\25FA-BL2-COM18-WD21308-PH66689\ASM\Program.c(210,16): warning C4566: character represented by universal-character-name '\u1ED7' cannot be represented in the current code page (1252)
D:\src\25FA-BL2-COM18-WD21308-PH66689\ASM\Program.c(210,16): warning C4566: character represented by universal-character-name '\u1EAD' cannot be represented in the current code page (1252)
D:\src\25FA-BL2-COM18-WD21308-PH66689\ASM\Program.c(210,16): warning C4566: character represented by universal-character-name '\u1EC7' cannot be represented in the current code page (1252)
D:\src\25FA-BL2-COM18-WD21308-PH66689\ASM\Program.c(210,16): warning C4566: character represented by universal-character-name '\u1ED1' cannot be represented in the current code page (1252)
D:\src\25FA-BL2-COM18-WD21308-PH66689\ASM\Program.c(210,16): warning C4566: character represented by universal-character-name '\u1EE3' cannot be represented in the current code page (1252)
D:\src\25FA-BL2-COM18-WD21308-PH66689\ASM\Program.c(217,12): warning C4566: character represented by universal-character-name '\u1EBF' cannot be represented in the current code page (1252)
D:\src\25FA-BL2-COM18-WD21308-PH66689\ASM\Program.c(223,16): warning C4566: character represented by universal-character-name '\u1EAD' cannot be represented in the current code page (1252)
D:\src\25FA-BL2-COM18-WD21308-PH66689\ASM\Program.c(223,16): warning C4566: character represented by universal-character-name '\u0111' cannot be represented in the current code page (1252)
D:\src\25FA-BL2-COM18-WD21308-PH66689\ASM\Program.c(231,16): warning C4566: character represented by universal-character-name '\u1EAD' cannot be represented in the current code page (1252)
D:\src\25FA-BL2-COM18-WD21308-PH66689\ASM\Program.c(231,16): warning C4566: character represented by universal-character-name '\u0111' cannot be represented in the current code page (1252)
D:\src\25FA-BL2-COM18-WD21308-PH66689\ASM\Program.c(239,16): warning C4566: character represented by universal-character-name '\u1EAD' cannot be represented in the current code page (1252)
D:\src\25FA-BL2-COM18-WD21308-PH66689\ASM\Program.c(239,16): warning C4566: character represented by universal-character-name '\u0111' cannot be represented in the current code page (1252)
D:\src\25FA-BL2-COM18-WD21308-PH66689\ASM\Program.c(247,16): warning C4566: character represented by universal-character-name '\u1EAD' cannot be represented in the current code page (1252)
D:\src\25FA-BL2-COM18-WD21308-PH66689\ASM\Program.c(247,16): warning C4566: character represented by universal-character-name '\u0111' cannot be represented in the current code page (1252)
D:\src\25FA-BL2-COM18-WD21308-PH66689\ASM\Program.c(255,16): warning C4566: character represented by universal-character-name '\u1EAD' cannot be represented in the current code page (1252)
D:\src\25FA-BL2-COM18-WD21308-PH66689\ASM\Program.c(255,16): warning C4566: character represented by universal-character-name '\u0111' cannot be represented in the current code page (1252)
D:\src\25FA-BL2-COM18-WD21308-PH66689\ASM\Program.c(262,16): warning C4566: character represented by universal-character-name '\u1EAD' cannot be represented in the current code page (1252)
D:\src\25FA-BL2-COM18-WD21308-PH66689\ASM\Program.c(262,16): warning C4566: character represented by universal-character-name '\u0111' cannot be represented in the current code page (1252)
D:\src\25FA-BL2-COM18-WD21308-PH66689\ASM\Program.c(265,12): warning C4566: character represented by universal-character-name '\u1ED1' cannot be represented in the current code page (1252)
D:\src\25FA-BL2-COM18-WD21308-PH66689\ASM\Program.c(265,12): warning C4566: character represented by universal-character-name '\u1EC1' cannot be represented in the current code page (1252)
D:\src\25FA-BL2-COM18-WD21308-PH66689\ASM\Program.c(265,12): warning C4566: character represented by universal-character-name '\u1EA7' cannot be represented in the current code page (1252)
D:\src\25FA-BL2-COM18-WD21308-PH66689\ASM\Program.c(265,12): warning C4566: character represented by universal-character-name '\u1EA3' cannot be represented in the current code page (1252)
D:\src\25FA-BL2-COM18-WD21308-PH66689\ASM\Program.c(265,12): warning C4566: character represented by universal-character-name '\u01B0' cannot be represented in the current code page (1252)
D:\src\25FA-BL2-COM18-WD21308-PH66689\ASM\Program.c(265,12): warning C4566: character represented by universal-character-name '\u1ED3' cannot be represented in the current code page (1252)
D:\src\25FA-BL2-COM18-WD21308-PH66689\ASM\Program.c(273,12): warning C4566: character represented by universal-character-name '\u1EE8' cannot be represented in the current code page (1252)
D:\src\25FA-BL2-COM18-WD21308-PH66689\ASM\Program.c(273,12): warning C4566: character represented by universal-character-name '\u0102' cannot be represented in the current code page (1252)
D:\src\25FA-BL2-COM18-WD21308-PH66689\ASM\Program.c(273,12): warning C4566: character represented by universal-character-name '\u0110' cannot be represented in the current code page (1252)
D:\src\25FA-BL2-COM18-WD21308-PH66689\ASM\Program.c(273,12): warning C4566: character represented by universal-character-name '\u1ED4' cannot be represented in the current code page (1252)
D:\src\25FA-BL2-COM18-WD21308-PH66689\ASM\Program.c(273,12): warning C4566: character represented by universal-character-name '\u1EC0' cannot be represented in the current code page (1252)
D:\src\25FA-BL2-COM18-WD21308-PH66689\ASM\Program.c(274,12): warning C4566: character represented by universal-character-name '\u1EAD' cannot be represented in the current code page (1252)
D:\src\25FA-BL2-COM18-WD21308-PH66689\ASM\Program.c(274,12): warning C4566: character represented by universal-character-name '\u1ED1' cannot be represented in the current code page (1252)
D:\src\25FA-BL2-COM18-WD21308-PH66689\ASM\Program.c(274,12): warning C4566: character represented by universal-character-name '\u1EC1' cannot be represented in the current code page (1252)
D:\src\25FA-BL2-COM18-WD21308-PH66689\ASM\Program.c(274,12): warning C4566: character represented by universal-character-name '\u1EA7' cannot be represented in the current code page (1252)
D:\src\25FA-BL2-COM18-WD21308-PH66689\ASM\Program.c(274,12): warning C4566: character represented by universal-character-name '\u0111' cannot be represented in the current code page (1252)
D:\src\25FA-BL2-COM18-WD21308-PH66689\ASM\Program.c(274,12): warning C4566: character represented by universal-character-name '\u1ED5' cannot be represented in the current code page (1252)
D:\src\25FA-BL2-COM18-WD21308-PH66689\ASM\Program.c(274,12): warning C4566: character represented by universal-character-name '\u0110' cannot be represented in the current code page (1252)
D:\src\25FA-BL2-COM18-WD21308-PH66689\ASM\Program.c(274,12): warning C4566: character represented by universal-character-name '\u1EC9' cannot be represented in the current code page (1252)
D:\src\25FA-BL2-COM18-WD21308-PH66689\ASM\Program.c(274,12): warning C4566: character represented by universal-character-name '\u1EA5' cannot be represented in the current code page (1252)
D:\src\25FA-BL2-COM18-WD21308-PH66689\ASM\Program.c(274,12): warning C4566: character represented by universal-character-name '\u01B0' cannot be represented in the current code page (1252)
D:\src\25FA-BL2-COM18-WD21308-PH66689\ASM\Program.c(274,12): warning C4566: character represented by universal-character-name '\u01A1' cannot be represented in the current code page (1252)
D:\src\25FA-BL2-COM18-WD21308-PH66689\ASM\Program.c(278,16): warning C4566: character represented by universal-character-name '\u1ED1' cannot be represented in the current code page (1252)
D:\src\25FA-BL2-COM18-WD21308-PH66689\ASM\Program.c(278,16): warning C4566: character represented by universal-character-name '\u1EC1' cannot be represented in the current code page (1252)
D:\src\25FA-BL2-COM18-WD21308-PH66689\ASM\Program.c(278,16): warning C4566: character represented by universal-character-name '\u1EE3' cannot be represented in the current code page (1252)
D:\src\25FA-BL2-COM18-WD21308-PH66689\ASM\Program.c(278,16): warning C4566: character represented by universal-character-name '\u1EC7' cannot be represented in the current code page (1252)
D:\src\25FA-BL2-COM18-WD21308-PH66689\ASM\Program.c(278,16): warning C4566: character represented by universal-character-name '\u1EAD' cannot be represented in the current code page (1252)
D:\src\25FA-BL2-COM18-WD21308-PH66689\ASM\Program.c(278,16): warning C4566: character represented by universal-character-name '\u01B0' cannot be represented in the current code page (1252)
D:\src\25FA-BL2-COM18-WD21308-PH66689\ASM\Program.c(278,16): warning C4566: character represented by universal-character-name '\u01A1' cannot be represented in the current code page (1252)
D:\src\25FA-BL2-COM18-WD21308-PH66689\ASM\Program.c(284,12): warning C4566: character represented by universal-character-name '\u1EBF' cannot be represented in the current code page (1252)
D:\src\25FA-BL2-COM18-WD21308-PH66689\ASM\Program.c(284,12): warning C4566: character represented by universal-character-name '\u1EA3' cannot be represented in the current code page (1252)
D:\src\25FA-BL2-COM18-WD21308-PH66689\ASM\Program.c(284,12): warning C4566: character represented by universal-character-name '\u0111' cannot be represented in the current code page (1252)
D:\src\25FA-BL2-COM18-WD21308-PH66689\ASM\Program.c(284,12): warning C4566: character represented by universal-character-name '\u1ED5' cannot be represented in the current code page (1252)
D:\src\25FA-BL2-COM18-WD21308-PH66689\ASM\Program.c(284,12): warning C4566: character represented by universal-character-name '\u1EC1' cannot be represented in the current code page (1252)
D:\src\25FA-BL2-COM18-WD21308-PH66689\ASM\Program.c(284,12): warning C4566: character represented by universal-character-name '\u0110' cannot be represented in the current code page (1252)
D:\src\25FA-BL2-COM18-WD21308-PH66689\ASM\Program.c(290,20): warning C4566: character represented by universal-character-name '\u1EDD' cannot be represented in the current code page (1252)
D:\src\25FA-BL2-COM18-WD21308-PH66689\ASM\Program.c(290,20): warning C4566: character represented by universal-character-name '\u1EC7' cannot be represented in the current code page (1252)
D:\src\25FA-BL2-COM18-WD21308-PH66689\ASM\Program.c(290,20): warning C4566: character represented by universal-character-name '\u0110' cannot be represented in the current code page (1252)
D:\src\25FA-BL2-COM18-WD21308-PH66689\ASM\Program.c(300,12): warning C4566: character represented by universal-character-name '\u1EE8' cannot be represented in the current code page (1252)
D:\src\25FA-BL2-COM18-WD21308-PH66689\ASM\Program.c(300,12): warning C4566: character represented by universal-character-name '\u0102' cannot be represented in the current code page (1252)
D:\src\25FA-BL2-COM18-WD21308-PH66689\ASM\Program.c(300,12): warning C4566: character represented by universal-character-name '\u1EA4' cannot be represented in the current code page (1252)
D:\src\25FA-BL2-COM18-WD21308-PH66689\ASM\Program.c(300,12): warning C4566: character represented by universal-character-name '\u1EA2' cannot be represented in the current code page (1252)
D:\src\25FA-BL2-COM18-WD21308-PH66689\ASM\Program.c(301,12): warning C4566: character represented by universal-character-name '\u1EA5' cannot be represented in the current code page (1252)
D:\src\25FA-BL2-COM18-WD21308-PH66689\ASM\Program.c(301,12): warning C4566: character represented by universal-character-name '\u1ED1' cannot be represented in the current code page (1252)
D:\src\25FA-BL2-COM18-WD21308-PH66689\ASM\Program.c(301,12): warning C4566: character represented by universal-character-name '\u0111' cannot be represented in the current code page (1252)
D:\src\25FA-BL2-COM18-WD21308-PH66689\ASM\Program.c(301,12): warning C4566: character represented by universal-character-name '\u1ECB' cannot be represented in the current code page (1252)
D:\src\25FA-BL2-COM18-WD21308-PH66689\ASM\Program.c(302,12): warning C4566: character represented by universal-character-name '\u1EF3' cannot be represented in the current code page (1252)
D:\src\25FA-BL2-COM18-WD21308-PH66689\ASM\Program.c(302,12): warning C4566: character represented by universal-character-name '\u1EA1' cannot be represented in the current code page (1252)
D:\src\25FA-BL2-COM18-WD21308-PH66689\ASM\Program.c(303,12): warning C4566: character represented by universal-character-name '\u1EAD' cannot be represented in the current code page (1252)
D:\src\25FA-BL2-COM18-WD21308-PH66689\ASM\Program.c(303,12): warning C4566: character represented by universal-character-name '\u1ED1' cannot be represented in the current code page (1252)
D:\src\25FA-BL2-COM18-WD21308-PH66689\ASM\Program.c(303,12): warning C4566: character represented by universal-character-name '\u1EC1' cannot be represented in the current code page (1252)
D:\src\25FA-BL2-COM18-WD21308-PH66689\ASM\Program.c(303,12): warning C4566: character represented by universal-character-name '\u0110' cannot be represented in the current code page (1252)
D:\src\25FA-BL2-COM18-WD21308-PH66689\ASM\Program.c(303,12): warning C4566: character represented by universal-character-name '\u1EE5' cannot be represented in the current code page (1252)
D:\src\25FA-BL2-COM18-WD21308-PH66689\ASM\Program.c(305,16): warning C4566: character represented by universal-character-name '\u1ED7' cannot be represented in the current code page (1252)
D:\src\25FA-BL2-COM18-WD21308-PH66689\ASM\Program.c(305,16): warning C4566: character represented by universal-character-name '\u1EAD' cannot be represented in the current code page (1252)
D:\src\25FA-BL2-COM18-WD21308-PH66689\ASM\Program.c(305,16): warning C4566: character represented by universal-character-name '\u1EC7' cannot be represented in the current code page (1252)
D:\src\25FA-BL2-COM18-WD21308-PH66689\ASM\Program.c(305,16): warning C4566: character represented by universal-character-name '\u1ED1' cannot be represented in the current code page (1252)
D:\src\25FA-BL2-COM18-WD21308-PH66689\ASM\Program.c(305,16): warning C4566: character represented by universal-character-name '\u1EC1' cannot be represented in the current code page (1252)
D:\src\25FA-BL2-COM18-WD21308-PH66689\ASM\Program.c(305,16): warning C4566: character represented by universal-character-name '\u1EE3' cannot be represented in the current code page (1252)
D:\src\25FA-BL2-COM18-WD21308-PH66689\ASM\Program.c(310,12): warning C4566: character represented by universal-character-name '\u1EA3' cannot be represented in the current code page (1252)
D:\src\25FA-BL2-COM18-WD21308-PH66689\ASM\Program.c(310,12): warning C4566: character represented by universal-character-name '\u1EBF' cannot be represented in the current code page (1252)
D:\src\25FA-BL2-COM18-WD21308-PH66689\ASM\Program.c(310,12): warning C4566: character represented by universal-character-name '\u1EE3' cannot be represented in the current code page (1252)
D:\src\25FA-BL2-COM18-WD21308-PH66689\ASM\Program.c(310,12): warning C4566: character represented by universal-character-name '\u01B0' cannot be represented in the current code page (1252)
D:\src\25FA-BL2-COM18-WD21308-PH66689\ASM\Program.c(310,12): warning C4566: character represented by universal-character-name '\u01A1' cannot be represented in the current code page (1252)
D:\src\25FA-BL2-COM18-WD21308-PH66689\ASM\Program.c(310,12): warning C4566: character represented by universal-character-name '\u1EE9' cannot be represented in the current code page (1252)
D:\src\25FA-BL2-COM18-WD21308-PH66689\ASM\Program.c(310,12): warning C4566: character represented by universal-character-name '\u1EA7' cannot be represented in the current code page (1252)
D:\src\25FA-BL2-COM18-WD21308-PH66689\ASM\Program.c(312,12): warning C4566: character represented by universal-character-name '\u1EC1' cannot be represented in the current code page (1252)
D:\src\25FA-BL2-COM18-WD21308-PH66689\ASM\Program.c(312,12): warning C4566: character represented by universal-character-name '\u1ED1' cannot be represented in the current code page (1252)
D:\src\25FA-BL2-COM18-WD21308-PH66689\ASM\Program.c(312,12): warning C4566: character represented by universal-character-name '\u1ED5' cannot be represented in the current code page (1252)
D:\src\25FA-BL2-COM18-WD21308-PH66689\ASM\Program.c(312,12): warning C4566: character represented by universal-character-name '\u1EA3' cannot be represented in the current code page (1252)
D:\src\25FA-BL2-COM18-WD21308-PH66689\ASM\Program.c(312,12): warning C4566: character represented by universal-character-name '\u01B0' cannot be represented in the current code page (1252)
D:\src\25FA-BL2-COM18-WD21308-PH66689\ASM\Program.c(312,12): warning C4566: character represented by universal-character-name '\u1EE3' cannot be represented in the current code page (1252)
D:\src\25FA-BL2-COM18-WD21308-PH66689\ASM\Program.c(332,12): warning C4566: character represented by universal-character-name '\u1ED5' cannot be represented in the current code page (1252)
D:\src\25FA-BL2-COM18-WD21308-PH66689\ASM\Program.c(332,12): warning C4566: character represented by universal-character-name '\u1EC1' cannot be represented in the current code page (1252)
D:\src\25FA-BL2-COM18-WD21308-PH66689\ASM\Program.c(332,12): warning C4566: character represented by universal-character-name '\u1EA3' cannot be represented in the current code page (1252)
D:\src\25FA-BL2-COM18-WD21308-PH66689\ASM\Program.c(332,12): warning C4566: character represented by universal-character-name '\u0110' cannot be represented in the current code page (1252)
D:\src\25FA-BL2-COM18-WD21308-PH66689\ASM\Program.c(333,12): warning C4566: character represented by universal-character-name '\u1ED5' cannot be represented in the current code page (1252)
D:\src\25FA-BL2-COM18-WD21308-PH66689\ASM\Program.c(333,12): warning C4566: character represented by universal-character-name '\u1EC1' cannot be represented in the current code page (1252)
D:\src\25FA-BL2-COM18-WD21308-PH66689\ASM\Program.c(333,12): warning C4566: character represented by universal-character-name '\u1EA3' cannot be represented in the current code page (1252)
D:\src\25FA-BL2-COM18-WD21308-PH66689\ASM\Program.c(333,12): warning C4566: character represented by universal-character-name '\u1ED1' cannot be represented in the current code page (1252)
D:\src\25FA-BL2-COM18-WD21308-PH66689\ASM\Program.c(333,12): warning C4566: character represented by universal-character-name '\u0110' cannot be represented in the current code page (1252)
D:\src\25FA-BL2-COM18-WD21308-PH66689\ASM\Program.c(344,12): warning C4566: character represented by universal-character-name '\u1EE8' cannot be represented in the current code page (1252)
D:\src\25FA-BL2-COM18-WD21308-PH66689\ASM\Program.c(344,12): warning C4566: character represented by universal-character-name '\u0102' cannot be represented in the current code page (1252)
D:\src\25FA-BL2-COM18-WD21308-PH66689\ASM\Program.c(344,12): warning C4566: character represented by universal-character-name '\u01AF' cannot be represented in the current code page (1252)
D:\src\25FA-BL2-COM18-WD21308-PH66689\ASM\Program.c(344,12): warning C4566: character represented by universal-character-name '\u01A0' cannot be represented in the current code page (1252)
D:\src\25FA-BL2-COM18-WD21308-PH66689\ASM\Program.c(344,12): warning C4566: character represented by universal-character-name '\u1EC0' cannot be represented in the current code page (1252)
D:\src\25FA-BL2-COM18-WD21308-PH66689\ASM\Program.c(345,12): warning C4566: character represented by universal-character-name '\u1ED1' cannot be represented in the current code page (1252)
D:\src\25FA-BL2-COM18-WD21308-PH66689\ASM\Program.c(345,12): warning C4566: character represented by universal-character-name '\u1EC1' cannot be represented in the current code page (1252)
D:\src\25FA-BL2-COM18-WD21308-PH66689\ASM\Program.c(345,12): warning C4566: character represented by universal-character-name '\u0111' cannot be represented in the current code page (1252)
D:\src\25FA-BL2-COM18-WD21308-PH66689\ASM\Program.c(345,12): warning C4566: character represented by universal-character-name '\u1ECB' cannot be represented in the current code page (1252)
D:\src\25FA-BL2-COM18-WD21308-PH66689\ASM\Program.c(345,12): warning C4566: character represented by universal-character-name '\u0110' cannot be represented in the current code page (1252)
D:\src\25FA-BL2-COM18-WD21308-PH66689\ASM\Program.c(346,12): warning C4566: character represented by universal-character-name '\u1EDD' cannot be represented in the current code page (1252)
D:\src\25FA-BL2-COM18-WD21308-PH66689\ASM\Program.c(346,12): warning C4566: character represented by universal-character-name '\u1EA1' cannot be represented in the current code page (1252)
D:\src\25FA-BL2-COM18-WD21308-PH66689\ASM\Program.c(346,12): warning C4566: character represented by universal-character-name '\u0103' cannot be represented in the current code page (1252)
D:\src\25FA-BL2-COM18-WD21308-PH66689\ASM\Program.c(347,12): warning C4566: character represented by universal-character-name '\u1EA5' cannot be represented in the current code page (1252)
D:\src\25FA-BL2-COM18-WD21308-PH66689\ASM\Program.c(347,12): warning C4566: character represented by universal-character-name '\u1ED1' cannot be represented in the current code page (1252)
D:\src\25FA-BL2-COM18-WD21308-PH66689\ASM\Program.c(347,12): warning C4566: character represented by universal-character-name '\u0111' cannot be represented in the current code page (1252)
D:\src\25FA-BL2-COM18-WD21308-PH66689\ASM\Program.c(347,12): warning C4566: character represented by universal-character-name '\u1ECB' cannot be represented in the current code page (1252)
D:\src\25FA-BL2-COM18-WD21308-PH66689\ASM\Program.c(347,12): warning C4566: character represented by universal-character-name '\u0103' cannot be represented in the current code page (1252)
D:\src\25FA-BL2-COM18-WD21308-PH66689\ASM\Program.c(349,12): warning C4566: character represented by universal-character-name '\u1EAD' cannot be represented in the current code page (1252)
D:\src\25FA-BL2-COM18-WD21308-PH66689\ASM\Program.c(349,12): warning C4566: character represented by universal-character-name '\u1ED1' cannot be represented in the current code page (1252)
D:\src\25FA-BL2-COM18-WD21308-PH66689\ASM\Program.c(349,12): warning C4566: character represented by universal-character-name '\u1EA7' cannot be represented in the current code page (1252)
D:\src\25FA-BL2-COM18-WD21308-PH66689\ASM\Program.c(349,12): warning C4566: character represented by universal-character-name '\u0103' cannot be represented in the current code page (1252)
D:\src\25FA-BL2-COM18-WD21308-PH66689\ASM\Program.c(349,12): warning C4566: character represented by universal-character-name '\u0111' cannot be represented in the current code page (1252)
D:\src\25FA-BL2-COM18-WD21308-PH66689\ASM\Program.c(349,12): warning C4566: character represented by universal-character-name '\u1EE5' cannot be represented in the current code page (1252)
D:\src\25FA-BL2-COM18-WD21308-PH66689\ASM\Program.c(349,12): warning C4566: character represented by universal-character-name '\u1EA3' cannot be represented in the current code page (1252)
D:\src\25FA-BL2-COM18-WD21308-PH66689\ASM\Program.c(349,12): warning C4566: character represented by universal-character-name '\u01B0' cannot be represented in the current code page (1252)
D:\src\25FA-BL2-COM18-WD21308-PH66689\ASM\Program.c(349,12): warning C4566: character represented by universal-character-name '\u1EDB' cannot be represented in the current code page (1252)
D:\src\25FA-BL2-COM18-WD21308-PH66689\ASM\Program.c(353,16): warning C4566: character represented by universal-character-name '\u1EA7' cannot be represented in the current code page (1252)
D:\src\25FA-BL2-COM18-WD21308-PH66689\ASM\Program.c(353,16): warning C4566: character represented by universal-character-name '\u0103' cannot be represented in the current code page (1252)
D:\src\25FA-BL2-COM18-WD21308-PH66689\ASM\Program.c(353,16): warning C4566: character represented by universal-character-name '\u1EE3' cannot be represented in the current code page (1252)
D:\src\25FA-BL2-COM18-WD21308-PH66689\ASM\Program.c(353,16): warning C4566: character represented by universal-character-name '\u1EC7' cannot be represented in the current code page (1252)
D:\src\25FA-BL2-COM18-WD21308-PH66689\ASM\Program.c(353,16): warning C4566: character represented by universal-character-name '\u1EA3' cannot be represented in the current code page (1252)
D:\src\25FA-BL2-COM18-WD21308-PH66689\ASM\Program.c(353,16): warning C4566: character represented by universal-character-name '\u1EB1' cannot be represented in the current code page (1252)
D:\src\25FA-BL2-COM18-WD21308-PH66689\ASM\Program.c(368,12): warning C4566: character represented by universal-character-name '\u1EBE' cannot be represented in the current code page (1252)
D:\src\25FA-BL2-COM18-WD21308-PH66689\ASM\Program.c(368,12): warning C4566: character represented by universal-character-name '\u1EA2' cannot be represented in the current code page (1252)
D:\src\25FA-BL2-COM18-WD21308-PH66689\ASM\Program.c(369,12): warning C4566: character represented by universal-character-name '\u1EA7' cannot be represented in the current code page (1252)
D:\src\25FA-BL2-COM18-WD21308-PH66689\ASM\Program.c(369,12): warning C4566: character represented by universal-character-name '\u0103' cannot be represented in the current code page (1252)
D:\src\25FA-BL2-COM18-WD21308-PH66689\ASM\Program.c(370,12): warning C4566: character represented by universal-character-name '\u1EA7' cannot be represented in the current code page (1252)
D:\src\25FA-BL2-COM18-WD21308-PH66689\ASM\Program.c(370,12): warning C4566: character represented by universal-character-name '\u0103' cannot be represented in the current code page (1252)
D:\src\25FA-BL2-COM18-WD21308-PH66689\ASM\Program.c(370,12): warning C4566: character represented by universal-character-name '\u1EA3' cannot be represented in the current code page (1252)
D:\src\25FA-BL2-COM18-WD21308-PH66689\ASM\Program.c(370,12): warning C4566: character represented by universal-character-name '\u01B0' cannot be represented in the current code page (1252)
D:\src\25FA-BL2-COM18-WD21308-PH66689\ASM\Program.c(370,12): warning C4566: character represented by universal-character-name '\u1EDB' cannot be represented in the current code page (1252)
D:\src\25FA-BL2-COM18-WD21308-PH66689\ASM\Program.c(371,12): warning C4566: character represented by universal-character-name '\u1ED1' cannot be represented in the current code page (1252)
D:\src\25FA-BL2-COM18-WD21308-PH66689\ASM\Program.c(371,12): warning C4566: character represented by universal-character-name '\u1EC1' cannot be represented in the current code page (1252)
D:\src\25FA-BL2-COM18-WD21308-PH66689\ASM\Program.c(371,12): warning C4566: character represented by universal-character-name '\u1EA3' cannot be represented in the current code page (1252)
D:\src\25FA-BL2-COM18-WD21308-PH66689\ASM\Program.c(371,12): warning C4566: character represented by universal-character-name '\u1EA7' cannot be represented in the current code page (1252)
D:\src\25FA-BL2-COM18-WD21308-PH66689\ASM\Program.c(371,12): warning C4566: character represented by universal-character-name '\u0111' cannot be represented in the current code page (1252)
D:\src\25FA-BL2-COM18-WD21308-PH66689\ASM\Program.c(371,12): warning C4566: character represented by universal-character-name '\u01B0' cannot be represented in the current code page (1252)
D:\src\25FA-BL2-COM18-WD21308-PH66689\ASM\Program.c(371,12): warning C4566: character represented by universal-character-name '\u1EDB' cannot be represented in the current code page (1252)
D:\src\25FA-BL2-COM18-WD21308-PH66689\ASM\Program.c(371,12): warning C4566: character represented by universal-character-name '\u0110' cannot be represented in the current code page (1252)
D:\src\25FA-BL2-COM18-WD21308-PH66689\ASM\Program.c(372,12): warning C4566: character represented by universal-character-name '\u1ED1' cannot be represented in the current code page (1252)
D:\src\25FA-BL2-COM18-WD21308-PH66689\ASM\Program.c(372,12): warning C4566: character represented by universal-character-name '\u1EC1' cannot be represented in the current code page (1252)
D:\src\25FA-BL2-COM18-WD21308-PH66689\ASM\Program.c(372,12): warning C4566: character represented by universal-character-name '\u1EA3' cannot be represented in the current code page (1252)
D:\src\25FA-BL2-COM18-WD21308-PH66689\ASM\Program.c(372,12): warning C4566: character represented by universal-character-name '\u0110' cannot be represented in the current code page (1252)
D:\src\25FA-BL2-COM18-WD21308-PH66689\ASM\Program.c(373,12): warning C4566: character represented by universal-character-name '\u1ED5' cannot be represented in the current code page (1252)
D:\src\25FA-BL2-COM18-WD21308-PH66689\ASM\Program.c(373,12): warning C4566: character represented by universal-character-name '\u1ED1' cannot be represented in the current code page (1252)
D:\src\25FA-BL2-COM18-WD21308-PH66689\ASM\Program.c(373,12): warning C4566: character represented by universal-character-name '\u1EC1' cannot be represented in the current code page (1252)
D:\src\25FA-BL2-COM18-WD21308-PH66689\ASM\Program.c(373,12): warning C4566: character represented by universal-character-name '\u1EA3' cannot be represented in the current code page (1252)
D:\src\25FA-BL2-COM18-WD21308-PH66689\ASM\Program.c(373,12): warning C4566: character represented by universal-character-name '\u0103' cannot be represented in the current code page (1252)
D:\src\25FA-BL2-COM18-WD21308-PH66689\ASM\Program.c(373,12): warning C4566: character represented by universal-character-name '\u0110' cannot be represented in the current code page (1252)
D:\src\25FA-BL2-COM18-WD21308-PH66689\ASM\Program.c(377,12): warning C4566: character represented by universal-character-name '\u1EE8' cannot be represented in the current code page (1252)
D:\src\25FA-BL2-COM18-WD21308-PH66689\ASM\Program.c(377,12): warning C4566: character represented by universal-character-name '\u0102' cannot be represented in the current code page (1252)
D:\src\25FA-BL2-COM18-WD21308-PH66689\ASM\Program.c(378,12): warning C4566: character represented by universal-character-name '\u1EA1' cannot be represented in the current code page (1252)
D:\src\25FA-BL2-COM18-WD21308-PH66689\ASM\Program.c(378,12): warning C4566: character represented by universal-character-name '\u1EBD' cannot be represented in the current code page (1252)
D:\src\25FA-BL2-COM18-WD21308-PH66689\ASM\Program.c(378,12): warning C4566: character represented by universal-character-name '\u1ECD' cannot be represented in the current code page (1252)
D:\src\25FA-BL2-COM18-WD21308-PH66689\ASM\Program.c(378,12): warning C4566: character represented by universal-character-name '\u1ED1' cannot be represented in the current code page (1252)
D:\src\25FA-BL2-COM18-WD21308-PH66689\ASM\Program.c(378,12): warning C4566: character represented by universal-character-name '\u1EEB' cannot be represented in the current code page (1252)
D:\src\25FA-BL2-COM18-WD21308-PH66689\ASM\Program.c(378,12): warning C4566: character represented by universal-character-name '\u0111' cannot be represented in the current code page (1252)
D:\src\25FA-BL2-COM18-WD21308-PH66689\ASM\Program.c(378,12): warning C4566: character represented by universal-character-name '\u1EBF' cannot be represented in the current code page (1252)
D:\src\25FA-BL2-COM18-WD21308-PH66689\ASM\Program.c(379,11): warning C4244: 'function': conversion from 'time_t' to 'unsigned int', possible loss of data
D:\src\25FA-BL2-COM18-WD21308-PH66689\ASM\Program.c(387,12): warning C4566: character represented by universal-character-name '\u1EAD' cannot be represented in the current code page (1252)
D:\src\25FA-BL2-COM18-WD21308-PH66689\ASM\Program.c(387,12): warning C4566: character represented by universal-character-name '\u1ED1' cannot be represented in the current code page (1252)
D:\src\25FA-BL2-COM18-WD21308-PH66689\ASM\Program.c(387,12): warning C4566: character represented by universal-character-name '\u1EE9' cannot be represented in the current code page (1252)
D:\src\25FA-BL2-COM18-WD21308-PH66689\ASM\Program.c(387,12): warning C4566: character represented by universal-character-name '\u1EA5' cannot be represented in the current code page (1252)
D:\src\25FA-BL2-COM18-WD21308-PH66689\ASM\Program.c(389,12): warning C4566: character represented by universal-character-name '\u1EAD' cannot be represented in the current code page (1252)
D:\src\25FA-BL2-COM18-WD21308-PH66689\ASM\Program.c(389,12): warning C4566: character represented by universal-character-name '\u1ED1' cannot be represented in the current code page (1252)
D:\src\25FA-BL2-COM18-WD21308-PH66689\ASM\Program.c(389,12): warning C4566: character represented by universal-character-name '\u1EE9' cannot be represented in the current code page (1252)
D:\src\25FA-BL2-COM18-WD21308-PH66689\ASM\Program.c(389,12): warning C4566: character represented by universal-character-name '\u1EA5' cannot be represented in the current code page (1252)
D:\src\25FA-BL2-COM18-WD21308-PH66689\ASM\Program.c(393,16): warning C4566: character represented by universal-character-name '\u1ED7' cannot be represented in the current code page (1252)
D:\src\25FA-BL2-COM18-WD21308-PH66689\ASM\Program.c(393,16): warning C4566: character represented by universal-character-name '\u1ED1' cannot be represented in the current code page (1252)
D:\src\25FA-BL2-COM18-WD21308-PH66689\ASM\Program.c(393,16): warning C4566: character represented by universal-character-name '\u1EAD' cannot be represented in the current code page (1252)
D:\src\25FA-BL2-COM18-WD21308-PH66689\ASM\Program.c(393,16): warning C4566: character represented by universal-character-name '\u1EE3' cannot be represented in the current code page (1252)
D:\src\25FA-BL2-COM18-WD21308-PH66689\ASM\Program.c(393,16): warning C4566: character represented by universal-character-name '\u1EC7' cannot be represented in the current code page (1252)
D:\src\25FA-BL2-COM18-WD21308-PH66689\ASM\Program.c(393,16): warning C4566: character represented by universal-character-name '\u1EA3' cannot be represented in the current code page (1252)
D:\src\25FA-BL2-COM18-WD21308-PH66689\ASM\Program.c(393,16): warning C4566: character represented by universal-character-name '\u1EEB' cannot be represented in the current code page (1252)
D:\src\25FA-BL2-COM18-WD21308-PH66689\ASM\Program.c(407,12): warning C4566: character represented by universal-character-name '\u1EBE' cannot be represented in the current code page (1252)
D:\src\25FA-BL2-COM18-WD21308-PH66689\ASM\Program.c(407,12): warning C4566: character represented by universal-character-name '\u1EA2' cannot be represented in the current code page (1252)
D:\src\25FA-BL2-COM18-WD21308-PH66689\ASM\Program.c(407,12): warning C4566: character represented by universal-character-name '\u1ED4' cannot be represented in the current code page (1252)
D:\src\25FA-BL2-COM18-WD21308-PH66689\ASM\Program.c(407,12): warning C4566: character represented by universal-character-name '\u1ED0' cannot be represented in the current code page (1252)
D:\src\25FA-BL2-COM18-WD21308-PH66689\ASM\Program.c(408,12): warning C4566: character represented by universal-character-name '\u1ED1' cannot be represented in the current code page (1252)
D:\src\25FA-BL2-COM18-WD21308-PH66689\ASM\Program.c(408,12): warning C4566: character represented by universal-character-name '\u1EE7' cannot be represented in the current code page (1252)
D:\src\25FA-BL2-COM18-WD21308-PH66689\ASM\Program.c(408,12): warning C4566: character represented by universal-character-name '\u1EA1' cannot be represented in the current code page (1252)
D:\src\25FA-BL2-COM18-WD21308-PH66689\ASM\Program.c(409,12): warning C4566: character represented by universal-character-name '\u1ED1' cannot be represented in the current code page (1252)
D:\src\25FA-BL2-COM18-WD21308-PH66689\ASM\Program.c(409,12): warning C4566: character represented by universal-character-name '\u01B0' cannot be represented in the current code page (1252)
D:\src\25FA-BL2-COM18-WD21308-PH66689\ASM\Program.c(409,12): warning C4566: character represented by universal-character-name '\u1EDF' cannot be represented in the current code page (1252)
D:\src\25FA-BL2-COM18-WD21308-PH66689\ASM\Program.c(410,12): warning C4566: character represented by universal-character-name '\u1ED1' cannot be represented in the current code page (1252)
D:\src\25FA-BL2-COM18-WD21308-PH66689\ASM\Program.c(410,12): warning C4566: character represented by universal-character-name '\u1EA7' cannot be represented in the current code page (1252)
D:\src\25FA-BL2-COM18-WD21308-PH66689\ASM\Program.c(410,12): warning C4566: character represented by universal-character-name '\u1EDB' cannot be represented in the current code page (1252)
D:\src\25FA-BL2-COM18-WD21308-PH66689\ASM\Program.c(414,16): warning C4566: character represented by universal-character-name '\u1EA1' cannot be represented in the current code page (1252)
D:\src\25FA-BL2-COM18-WD21308-PH66689\ASM\Program.c(414,16): warning C4566: character represented by universal-character-name '\u1EAF' cannot be represented in the current code page (1252)
D:\src\25FA-BL2-COM18-WD21308-PH66689\ASM\Program.c(414,16): warning C4566: character represented by universal-character-name '\u1EA7' cannot be represented in the current code page (1252)
D:\src\25FA-BL2-COM18-WD21308-PH66689\ASM\Program.c(417,16): warning C4566: character represented by universal-character-name '\u1EEB' cannot be represented in the current code page (1252)
D:\src\25FA-BL2-COM18-WD21308-PH66689\ASM\Program.c(417,16): warning C4566: character represented by universal-character-name '\u1EA1' cannot be represented in the current code page (1252)
D:\src\25FA-BL2-COM18-WD21308-PH66689\ASM\Program.c(417,16): warning C4566: character represented by universal-character-name '\u0111' cannot be represented in the current code page (1252)
D:\src\25FA-BL2-COM18-WD21308-PH66689\ASM\Program.c(417,16): warning C4566: character represented by universal-character-name '\u1EA3' cannot be represented in the current code page (1252)
D:\src\25FA-BL2-COM18-WD21308-PH66689\ASM\Program.c(420,16): warning C4566: character represented by universal-character-name '\u1EEA' cannot be represented in the current code page (1252)
D:\src\25FA-BL2-COM18-WD21308-PH66689\ASM\Program.c(420,16): warning C4566: character represented by universal-character-name '\u1EA0' cannot be represented in the current code page (1252)
D:\src\25FA-BL2-COM18-WD21308-PH66689\ASM\Program.c(420,16): warning C4566: character represented by universal-character-name '\u0110' cannot be represented in the current code page (1252)
D:\src\25FA-BL2-COM18-WD21308-PH66689\ASM\Program.c(420,16): warning C4566: character represented by universal-character-name '\u1EA2' cannot be represented in the current code page (1252)
D:\src\25FA-BL2-COM18-WD21308-PH66689\ASM\Program.c(420,16): warning C4566: character represented by universal-character-name '\u1EA4' cannot be represented in the current code page (1252)
D:\src\25FA-BL2-COM18-WD21308-PH66689\ASM\Program.c(429,12): warning C4566: character represented by universal-character-name '\u1EE8' cannot be represented in the current code page (1252)
D:\src\25FA-BL2-COM18-WD21308-PH66689\ASM\Program.c(429,12): warning C4566: character represented by universal-character-name '\u0102' cannot be represented in the current code page (1252)
D:\src\25FA-BL2-COM18-WD21308-PH66689\ASM\Program.c(429,12): warning C4566: character represented by universal-character-name '\u01AF' cannot be represented in the current code page (1252)
D:\src\25FA-BL2-COM18-WD21308-PH66689\ASM\Program.c(429,12): warning C4566: character represented by universal-character-name '\u01A0' cannot be represented in the current code page (1252)
D:\src\25FA-BL2-COM18-WD21308-PH66689\ASM\Program.c(429,12): warning C4566: character represented by universal-character-name '\u1ED0' cannot be represented in the current code page (1252)
D:\src\25FA-BL2-COM18-WD21308-PH66689\ASM\Program.c(431,12): warning C4566: character represented by universal-character-name '\u1EAD' cannot be represented in the current code page (1252)
D:\src\25FA-BL2-COM18-WD21308-PH66689\ASM\Program.c(431,12): warning C4566: character represented by universal-character-name '\u1EED' cannot be represented in the current code page (1252)
D:\src\25FA-BL2-COM18-WD21308-PH66689\ASM\Program.c(431,12): warning C4566: character represented by universal-character-name '\u1ED1' cannot be represented in the current code page (1252)
D:\src\25FA-BL2-COM18-WD21308-PH66689\ASM\Program.c(433,12): warning C4566: character represented by universal-character-name '\u1EAD' cannot be represented in the current code page (1252)
D:\src\25FA-BL2-COM18-WD21308-PH66689\ASM\Program.c(433,12): warning C4566: character represented by universal-character-name '\u1EAB' cannot be represented in the current code page (1252)
D:\src\25FA-BL2-COM18-WD21308-PH66689\ASM\Program.c(433,12): warning C4566: character represented by universal-character-name '\u1ED1' cannot be represented in the current code page (1252)
D:\src\25FA-BL2-COM18-WD21308-PH66689\ASM\Program.c(436,16): warning C4566: character represented by universal-character-name '\u1EAB' cannot be represented in the current code page (1252)
D:\src\25FA-BL2-COM18-WD21308-PH66689\ASM\Program.c(436,16): warning C4566: character represented by universal-character-name '\u1ED1' cannot be represented in the current code page (1252)
D:\src\25FA-BL2-COM18-WD21308-PH66689\ASM\Program.c(436,16): warning C4566: character represented by universal-character-name '\u1EA3' cannot be represented in the current code page (1252)
D:\src\25FA-BL2-COM18-WD21308-PH66689\ASM\Program.c(436,16): warning C4566: character represented by universal-character-name '\u1EAD' cannot be represented in the current code page (1252)
D:\src\25FA-BL2-COM18-WD21308-PH66689\ASM\Program.c(436,16): warning C4566: character represented by universal-character-name '\u1EA1' cannot be represented in the current code page (1252)
D:\src\25FA-BL2-COM18-WD21308-PH66689\ASM\Program.c(440,12): warning C4566: character represented by universal-character-name '\u1ED1' cannot be represented in the current code page (1252)
D:\src\25FA-BL2-COM18-WD21308-PH66689\ASM\Program.c(440,12): warning C4566: character represented by universal-character-name '\u0111' cannot be represented in the current code page (1252)
D:\src\25FA-BL2-COM18-WD21308-PH66689\ASM\Program.c(440,12): warning C4566: character represented by universal-character-name '\u1ECD' cannot be represented in the current code page (1252)
D:\src\25FA-BL2-COM18-WD21308-PH66689\ASM\Program.c(442,12): warning C4566: character represented by universal-character-name '\u1EAD' cannot be represented in the current code page (1252)
D:\src\25FA-BL2-COM18-WD21308-PH66689\ASM\Program.c(442,12): warning C4566: character represented by universal-character-name '\u1EED' cannot be represented in the current code page (1252)
D:\src\25FA-BL2-COM18-WD21308-PH66689\ASM\Program.c(442,12): warning C4566: character represented by universal-character-name '\u1ED1' cannot be represented in the current code page (1252)
D:\src\25FA-BL2-COM18-WD21308-PH66689\ASM\Program.c(444,12): warning C4566: character represented by universal-character-name '\u1EAD' cannot be represented in the current code page (1252)
D:\src\25FA-BL2-COM18-WD21308-PH66689\ASM\Program.c(444,12): warning C4566: character represented by universal-character-name '\u1EAB' cannot be represented in the current code page (1252)
D:\src\25FA-BL2-COM18-WD21308-PH66689\ASM\Program.c(444,12): warning C4566: character represented by universal-character-name '\u1ED1' cannot be represented in the current code page (1252)
D:\src\25FA-BL2-COM18-WD21308-PH66689\ASM\Program.c(447,16): warning C4566: character represented by universal-character-name '\u1EAB' cannot be represented in the current code page (1252)
D:\src\25FA-BL2-COM18-WD21308-PH66689\ASM\Program.c(447,16): warning C4566: character represented by universal-character-name '\u1ED1' cannot be represented in the current code page (1252)
D:\src\25FA-BL2-COM18-WD21308-PH66689\ASM\Program.c(447,16): warning C4566: character represented by universal-character-name '\u1EA3' cannot be represented in the current code page (1252)
D:\src\25FA-BL2-COM18-WD21308-PH66689\ASM\Program.c(447,16): warning C4566: character represented by universal-character-name '\u1EAD' cannot be represented in the current code page (1252)
D:\src\25FA-BL2-COM18-WD21308-PH66689\ASM\Program.c(447,16): warning C4566: character represented by universal-character-name '\u1EA1' cannot be represented in the current code page (1252)
D:\src\25FA-BL2-COM18-WD21308-PH66689\ASM\Program.c(451,12): warning C4566: character represented by universal-character-name '\u1ED1' cannot be represented in the current code page (1252)
D:\src\25FA-BL2-COM18-WD21308-PH66689\ASM\Program.c(451,12): warning C4566: character represented by universal-character-name '\u0111' cannot be represented in the current code page (1252)
D:\src\25FA-BL2-COM18-WD21308-PH66689\ASM\Program.c(451,12): warning C4566: character represented by universal-character-name '\u1ECD' cannot be represented in the current code page (1252)
D:\src\25FA-BL2-COM18-WD21308-PH66689\ASM\Program.c(459,12): warning C4566: character represented by universal-character-name '\u1EBE' cannot be represented in the current code page (1252)
D:\src\25FA-BL2-COM18-WD21308-PH66689\ASM\Program.c(459,12): warning C4566: character represented by universal-character-name '\u1EA2' cannot be represented in the current code page (1252)
D:\src\25FA-BL2-COM18-WD21308-PH66689\ASM\Program.c(464,12): warning C4566: character represented by universal-character-name '\u1ED5' cannot be represented in the current code page (1252)
D:\src\25FA-BL2-COM18-WD21308-PH66689\ASM\Program.c(469,12): warning C4566: character represented by universal-character-name '\u1EC7' cannot be represented in the current code page (1252)
D:\src\25FA-BL2-COM18-WD21308-PH66689\ASM\Program.c(477,16): warning C4566: character represented by universal-character-name '\u01B0' cannot be represented in the current code page (1252)
D:\src\25FA-BL2-COM18-WD21308-PH66689\ASM\Program.c(477,16): warning C4566: character represented by universal-character-name '\u01A1' cannot be represented in the current code page (1252)
D:\src\25FA-BL2-COM18-WD21308-PH66689\ASM\Program.c(477,16): warning C4566: character represented by universal-character-name '\u1EC2' cannot be represented in the current code page (1252)
D:\src\25FA-BL2-COM18-WD21308-PH66689\ASM\Program.c(477,16): warning C4566: character represented by universal-character-name '\u1ED1' cannot be represented in the current code page (1252)
D:\src\25FA-BL2-COM18-WD21308-PH66689\ASM\Program.c(477,16): warning C4566: character represented by universal-character-name '\u1EE9' cannot be represented in the current code page (1252)
D:\src\25FA-BL2-COM18-WD21308-PH66689\ASM\Program.c(477,16): warning C4566: character represented by universal-character-name '\u1EB1' cannot be represented in the current code page (1252)
D:\src\25FA-BL2-COM18-WD21308-PH66689\ASM\Program.c(483,16): warning C4566: character represented by universal-character-name '\u01B0' cannot be represented in the current code page (1252)
D:\src\25FA-BL2-COM18-WD21308-PH66689\ASM\Program.c(483,16): warning C4566: character represented by universal-character-name '\u01A1' cannot be represented in the current code page (1252)
LINK : fatal error LNK1168: cannot open D:\src\25FA-BL2-COM18-WD21308-PH66689\ASM\x64\Debug\ASM.exe for writing
